Case #1:
Impossible
Case #2:
*****
*....
.....
.....
....c
Case #3:
Impossible
Case #4:
*....
*...c
Case #5:
Impossible
Case #6:
*...
....
...c
Case #7:
***..
***.c
Case #8:
***
...
...
...
..c
Case #9:
*****
*....
*...c
Case #10:
Impossible
Case #11:
**
**
..
.c
Case #12:
Impossible
Case #13:
**
..
*.
..
.c
Case #14:
..c
Case #15:
***
***
...
..c
Case #16:
Impossible
Case #17:
Impossible
Case #18:
**..c
Case #19:
Impossible
Case #20:
***..
.....
....c
Case #21:
*...
*...
*..c
Case #22:
Impossible
Case #23:
***
***
***
...
..c
Case #24:
*
*
.
c
Case #25:
****
*...
....
...c
Case #26:
*****
.....
.....
.....
....c
Case #27:
****
****
....
....
...c
Case #28:
.....
.....
.....
.....
....c
Case #29:
**
..
..
..
.c
Case #30:
**...
.....
.....
.....
....c
Case #31:
*..
...
...
..c
Case #32:
Impossible
Case #33:
Impossible
Case #34:
Impossible
Case #35:
Impossible
Case #36:
Impossible
Case #37:
Impossible
Case #38:
Impossible
Case #39:
***
...
...
..c
Case #40:
**...
.....
....c
Case #41:
*....
*....
*....
*...c
Case #42:
Impossible
Case #43:
Impossible
Case #44:
Impossible
Case #45:
*****
*****
*....
.....
....c
Case #46:
Impossible
Case #47:
Impossible
Case #48:
*****
***..
.....
....c
Case #49:
**..
....
....
...c
Case #50:
.
.
.
.
c
Case #51:
****
**..
*...
....
...c
Case #52:
*
*
.
.
c
Case #53:
Impossible
Case #54:
*****
*****
*****
**...
**..c
Case #55:
Impossible
Case #56:
*..
*..
..c
Case #57:
****
****
****
*...
*..c
Case #58:
Impossible
Case #59:
****
*...
....
....
...c
Case #60:
..
..
*c
Case #61:
Impossible
Case #62:
Impossible
Case #63:
Impossible
Case #64:
*..
...
...
...
..c
Case #65:
**
**
..
..
.c
Case #66:
Impossible
Case #67:
...
...
*..
*.c
Case #68:
****
**..
....
....
...c
Case #69:
*
.
.
c
Case #70:
***
...
...
*..
*.c
Case #71:
....
....
...c
Case #72:
*..
*.c
Case #73:
Impossible
Case #74:
***
***
*..
*.c
Case #75:
*....
.....
....c
Case #76:
*****
***..
***.c
Case #77:
Impossible
Case #78:
.....
....c
Case #79:
Impossible
Case #80:
Impossible
Case #81:
*....
.....
.....
....c
Case #82:
*****
.....
....c
Case #83:
...c
Case #84:
***
***
...
...
..c
Case #85:
*****
*****
*****
***..
***.c
Case #86:
...
..c
Case #87:
Impossible
Case #88:
Impossible
Case #89:
*...c
Case #90:
.....
.....
.....
....c
Case #91:
***..
*....
.....
.....
....c
Case #92:
..
..
..
..
*c
Case #93:
*...
....
....
...c
Case #94:
***
***
***
*..
*.c
Case #95:
Impossible
Case #96:
Impossible
Case #97:
****
**..
**.c
Case #98:
Impossible
Case #99:
*****
*....
*....
*....
*...c
Case #100:
***
***
*..
*..
..c
Case #101:
..
..
..
.c
Case #102:
Impossible
Case #103:
Impossible
Case #104:
Impossible
Case #105:
**..
....
....
....
...c
Case #106:
**..
**.c
Case #107:
Impossible
Case #108:
.
.
c
Case #109:
***
*..
...
..c
Case #110:
*****
*****
***..
.....
....c
Case #111:
*****
*****
*****
***..
***.c
Case #112:
..
..
.c
Case #113:
Impossible
Case #114:
Impossible
Case #115:
....
....
....
....
...c
Case #116:
*****
*****
.....
.....
....c
Case #117:
***..
.....
.....
....c
Case #118:
****
....
....
....
...c
Case #119:
Impossible
Case #120:
..
..
..
..
.c
Case #121:
*****
***..
.....
.....
....c
Case #122:
Impossible
Case #123:
***
...
..c
Case #124:
**...
*....
*...c
Case #125:
***
*..
*.c
Case #126:
Impossible
Case #127:
Impossible
Case #128:
*****
**...
.....
....c
Case #129:
****
....
...c
Case #130:
*****
*****
*****
*....
*...c
Case #131:
Impossible
Case #132:
****
****
**..
**.c
Case #133:
**.c
Case #134:
c
Case #135:
**..
*...
....
...c
Case #136:
....
...c
Case #137:
*****
*****
***..
***.c
Case #138:
**...
.....
.....
....c
Case #139:
Impossible
Case #140:
Impossible
Case #141:
**
**
..
*.
.c
Case #142:
***..
***.c
Case #143:
**..
....
...c
Case #144:
****
****
**..
....
...c
Case #145:
....c
Case #146:
*..
...
..c
Case #147:
Impossible
Case #148:
Impossible
Case #149:
*
*
*
.
c
Case #150:
***
***
*..
...
..c
Case #151:
Impossible
Case #152:
...
...
..c
Case #153:
*****
*****
*****
.....
....c
Case #154:
***
*..
*..
..c
Case #155:
****
....
....
...c
Case #156:
*****
**...
.....
.....
....c
Case #157:
...
...
...
..c
Case #158:
Impossible
Case #159:
..
.c
Case #160:
....
....
....
...c
Case #161:
Impossible
Case #162:
**...
**..c
Case #163:
*****
*****
***..
*....
....c
Case #164:
*****
*****
.....
....c
Case #165:
***
*..
...
...
..c
Case #166:
Impossible
Case #167:
*...
....
....
....
...c
Case #168:
Impossible
Case #169:
****
****
****
**..
**.c
Case #170:
****
****
****
....
...c
Case #171:
*....
.....
.....
.....
....c
Case #172:
Impossible
Case #173:
*****
.....
.....
....c
Case #174:
..
..
..
*c
Case #175:
Impossible
Case #176:
Impossible
Case #177:
***..
.....
.....
.....
....c
Case #178:
*
.
c
Case #179:
Impossible
Case #180:
**
..
..
.c
Case #181:
*...
*..c
Case #182:
****
****
*...
*..c
Case #183:
Impossible
Case #184:
***.c
Case #185:
****
**..
....
...c
Case #186:
**
..
..
*c
Case #187:
**
..
.c
Case #188:
Impossible
Case #189:
*..c
Case #190:
Impossible
Case #191:
*****
*****
**...
**..c
Case #192:
Impossible
Case #193:
.....
.....
....c
Case #194:
****
****
**..
*...
...c
Case #195:
****
*...
*...
*..c
Case #196:
Impossible
Case #197:
****
*...
*..c
Case #198:
*****
***..
***.c
Case #199:
****
****
....
...c
Case #200:
Impossible
Case #201:
Impossible
Case #202:
...
...
...
...
..c
Case #203:
*****
*****
**...
.....
....c
Case #204:
*****
*****
***..
***.c
Case #205:
*****
**...
**..c
Case #206:
Impossible
Case #207:
Impossible
Case #208:
.
c
Case #209:
**
**
**
..
.c
Case #210:
****
****
*...
....
...c
Case #211:
*.c
Case #212:
....
....
*...
*...
*..c
Case #213:
*****
*****
*....
*...c
Case #214:
...
...
...
*..
*.c
Case #215:
Impossible
Case #216:
*
.
.
.
c
Case #217:
Impossible
Case #218:
Impossible
Case #219:
Impossible
Case #220:
Impossible
Case #221:
*****
**...
*....
*...c
Case #222:
Impossible
Case #223:
.c
Case #224:
*****
*....
.....
....c
Case #225:
.
.
.
c
