Case #1:
*****
*....
....c

Case #2:
***
***
...
...
..c

Case #3:
****
....
....
....
...c

Case #4:
Impossible

Case #5:
*....
.....
.....
....c

Case #6:
****
****
****
**..
**.c

Case #7:
**...
....c

Case #8:
***
***
**.
...
..c

Case #9:
..
..
.c

Case #10:
**
**
*.
..
.c

Case #11:
**..
....
....
...c

Case #12:
...
..c

Case #13:
Impossible

Case #14:
*****
*....
.....
....c

Case #15:
**..
*..c

Case #16:
Impossible

Case #17:
***
***
***
*..
*.c

Case #18:
**.c

Case #19:
Impossible

Case #20:
Impossible

Case #21:
*****
***..
.....
....c

Case #22:
***
***
*..
..c

Case #23:
Impossible

Case #24:
***
***
...
..c

Case #25:
*
*
.
.
c

Case #26:
Impossible

Case #27:
Impossible

Case #28:
****
***.
....
...c

Case #29:
*****
***..
*...c

Case #30:
.
.
.
c

Case #31:
....
....
....
...c

Case #32:
Impossible

Case #33:
*****
*****
*....
.....
....c

Case #34:
*****
****.
.....
.....
....c

Case #35:
*
*
.
c

Case #36:
Impossible

Case #37:
Impossible

Case #38:
..
..
..
..
.c

Case #39:
..
.c

Case #40:
...c

Case #41:
Impossible

Case #42:
*.
..
.c

Case #43:
*..
...
...
...
..c

Case #44:
*****
*****
***..
*...c

Case #45:
****
****
....
...c

Case #46:
*****
*****
*****
.....
....c

Case #47:
**..c

Case #48:
****
****
*...
....
...c

Case #49:
****
****
****
**..
...c

Case #50:
Impossible

Case #51:
**
**
**
..
.c

Case #52:
Impossible

Case #53:
****
*...
...c

Case #54:
*...
...c

Case #55:
Impossible

Case #56:
*****
*****
.....
....c

Case #57:
*....
.....
....c

Case #58:
Impossible

Case #59:
*
.
c

Case #60:
**...
.....
.....
.....
....c

Case #61:
Impossible

Case #62:
***..
.....
.....
....c

Case #63:
***.
....
....
....
...c

Case #64:
Impossible

Case #65:
*****
**...
.....
.....
....c

Case #66:
***
*..
*.c

Case #67:
*****
*****
*****
*....
....c

Case #68:
*****
*****
*****
***..
**..c

Case #69:
*..
..c

Case #70:
Impossible

Case #71:
***..
.....
.....
.....
....c

Case #72:
Impossible

Case #73:
****
**..
...c

Case #74:
*****
*****
***..
....c

Case #75:
****
****
**..
...c

Case #76:
Impossible

Case #77:
*****
***..
***.c

Case #78:
.
.
c

Case #79:
*****
**...
.....
....c

Case #80:
Impossible

Case #81:
****
****
**..
....
...c

Case #82:
Impossible

Case #83:
.....
....c

Case #84:
****
****
**..
**.c

Case #85:
*****
*****
*****
**...
....c

Case #86:
****
**..
**.c

Case #87:
*.c

Case #88:
****
****
****
*...
...c

Case #89:
*...
....
....
....
...c

Case #90:
Impossible

Case #91:
Impossible

Case #92:
**
..
..
.c

Case #93:
****
****
**..
*..c

Case #94:
***.
....
....
...c

Case #95:
***..
.....
....c

Case #96:
***
***
*..
*.c

Case #97:
***
...
...
...
..c

Case #98:
**.
...
...
..c

Case #99:
....
...c

Case #100:
Impossible

Case #101:
*****
*****
*****
***..
*...c

Case #102:
Impossible

Case #103:
Impossible

Case #104:
****
....
...c

Case #105:
*
.
.
c

Case #106:
....
....
...c

Case #107:
.
c

Case #108:
Impossible

Case #109:
.
.
.
.
c

Case #110:
****
****
***.
....
...c

Case #111:
Impossible

Case #112:
**.
...
..c

Case #113:
Impossible

Case #114:
*
.
.
.
c

Case #115:
**..
...c

Case #116:
**
..
..
..
.c

Case #117:
*****
*****
***..
.....
....c

Case #118:
****.
.....
.....
.....
....c

Case #119:
..
..
..
.c

Case #120:
Impossible

Case #121:
****
****
****
....
...c

Case #122:
*....
.....
.....
.....
....c

Case #123:
****
****
*...
...c

Case #124:
*****
*****
**...
....c

Case #125:
.c

Case #126:
*
*
*
.
c

Case #127:
**
**
..
.c

Case #128:
****
*...
....
...c

Case #129:
*****
*....
.....
.....
....c

Case #130:
***..
***.c

Case #131:
...
...
..c

Case #132:
.....
.....
....c

Case #133:
Impossible

Case #134:
***
*..
...
...
..c

Case #135:
****
**..
....
...c

Case #136:
****
***.
....
....
...c

Case #137:
****
**..
....
....
...c

Case #138:
*****
***..
....c

Case #139:
****
**..
*..c

Case #140:
*****
.....
....c

Case #141:
*****
**...
....c

Case #142:
**
*.
..
.c

Case #143:
*****
*****
*****
***..
....c

Case #144:
Impossible

Case #145:
*****
***..
.....
.....
....c

Case #146:
*..
...
...
..c

Case #147:
**..
**.c

Case #148:
Impossible

Case #149:
Impossible

Case #150:
***
*..
...
..c

Case #151:
***
...
...
..c

Case #152:
*****
*****
***..
***.c

Case #153:
.....
.....
.....
....c

Case #154:
Impossible

Case #155:
Impossible

Case #156:
....
....
....
....
...c

Case #157:
*****
*****
**...
.....
....c

Case #158:
*****
*****
***..
**..c

Case #159:
Impossible

Case #160:
Impossible

Case #161:
*****
*****
*****
***..
***.c

Case #162:
***
***
***
*..
..c

Case #163:
**...
.....
.....
....c

Case #164:
Impossible

Case #165:
Impossible

Case #166:
Impossible

Case #167:
*..c

Case #168:
***
**.
...
...
..c

Case #169:
***..
*...c

Case #170:
****
*...
....
....
...c

Case #171:
Impossible

Case #172:
*...
....
...c

Case #173:
****.
.....
.....
....c

Case #174:
Impossible

Case #175:
*****
*****
****.
.....
....c

Case #176:
*****
****.
.....
....c

Case #177:
Impossible

Case #178:
**.
...
...
...
..c

Case #179:
***.
....
...c

Case #180:
*.
..
..
..
.c

Case #181:
.....
.....
.....
.....
....c

Case #182:
*****
.....
.....
....c

Case #183:
*...
....
....
...c

Case #184:
....c

Case #185:
...
...
...
..c

Case #186:
*.
..
..
.c

Case #187:
Impossible

Case #188:
*...c

Case #189:
**...
.....
....c

Case #190:
Impossible

Case #191:
***
**.
...
..c

Case #192:
...
...
...
...
..c

Case #193:
**
*.
..
..
.c

Case #194:
Impossible

Case #195:
Impossible

Case #196:
***..
**..c

Case #197:
***
***
*..
...
..c

Case #198:
*..
...
..c

Case #199:
****
****
****
**..
*..c

Case #200:
*****
*****
.....
.....
....c

Case #201:
*****
*****
*....
....c

Case #202:
..c

Case #203:
Impossible

Case #204:
***
...
..c

Case #205:
Impossible

Case #206:
Impossible

Case #207:
**..
....
...c

Case #208:
Impossible

Case #209:
***
*..
..c

Case #210:
Impossible

Case #211:
**
**
..
..
.c

Case #212:
***
***
***
...
..c

Case #213:
**..
....
....
....
...c

Case #214:
****
....
....
...c

Case #215:
*****
.....
.....
.....
....c

Case #216:
**
..
.c

Case #217:
****.
.....
....c

Case #218:
Impossible

Case #219:
*..
*.c

Case #220:
***..
....c

Case #221:
*....
....c

Case #222:
***.c

Case #223:
Impossible

Case #224:
****
****
....
....
...c

Case #225:
*****
***..
**..c
